[    3055ms] [LOG] [PDF] Iniciando: REC-202602-00001.pdf @ http://localhost/AlquiGest_v2/assets/js/helpers.js?v=20260625j:189
[    3055ms] [LOG] [PDF] b64 longitud: 311716 @ http://localhost/AlquiGest_v2/assets/js/helpers.js?v=20260625j:191
[    3064ms] [LOG] [PDF] POST status: 200 @ http://localhost/AlquiGest_v2/assets/js/helpers.js?v=20260625j:203
[    3064ms] [LOG] [PDF] Token recibido: 4933a31fcaf6a48808ea82fd444336f1 @ http://localhost/AlquiGest_v2/assets/js/helpers.js?v=20260625j:208
[  124090ms] [LOG] [PDF] Iniciando: REC-202607-00035.pdf @ http://localhost/AlquiGest_v2/assets/js/helpers.js?v=20260625j:189
[  124090ms] [LOG] [PDF] b64 longitud: 258820 @ http://localhost/AlquiGest_v2/assets/js/helpers.js?v=20260625j:191
[  124099ms] [LOG] [PDF] POST status: 200 @ http://localhost/AlquiGest_v2/assets/js/helpers.js?v=20260625j:203
[  124099ms] [LOG] [PDF] Token recibido: e4b5efad19290dc271553919760d5648 @ http://localhost/AlquiGest_v2/assets/js/helpers.js?v=20260625j:208
[ 1251935ms] [LOG] [PDF] Iniciando: REC-202607-00037.pdf @ http://localhost/AlquiGest_v2/assets/js/helpers.js?v=20260625j:189
[ 1251936ms] [LOG] [PDF] b64 longitud: 258520 @ http://localhost/AlquiGest_v2/assets/js/helpers.js?v=20260625j:191
[ 1251945ms] [LOG] [PDF] POST status: 200 @ http://localhost/AlquiGest_v2/assets/js/helpers.js?v=20260625j:203
[ 1251945ms] [LOG] [PDF] Token recibido: d0d8af79dad78a1cc876cde878c4648c @ http://localhost/AlquiGest_v2/assets/js/helpers.js?v=20260625j:208
[ 1285459ms] [LOG] [PDF] Iniciando: REC-202607-00037.pdf @ http://localhost/AlquiGest_v2/assets/js/helpers.js?v=20260625j:189
[ 1285459ms] [LOG] [PDF] b64 longitud: 258520 @ http://localhost/AlquiGest_v2/assets/js/helpers.js?v=20260625j:191
[ 1285468ms] [LOG] [PDF] POST status: 200 @ http://localhost/AlquiGest_v2/assets/js/helpers.js?v=20260625j:203
[ 1285468ms] [LOG] [PDF] Token recibido: 7c4b03e06f0ce18c4a7e1958a8e580c2 @ http://localhost/AlquiGest_v2/assets/js/helpers.js?v=20260625j:208
[ 1297187ms] [LOG] [PDF] Iniciando: recibos-Julio-2026.pdf @ http://localhost/AlquiGest_v2/assets/js/helpers.js?v=20260625j:189
[ 1297190ms] [LOG] [PDF] b64 longitud: 1549376 @ http://localhost/AlquiGest_v2/assets/js/helpers.js?v=20260625j:191
[ 1297215ms] [LOG] [PDF] POST status: 200 @ http://localhost/AlquiGest_v2/assets/js/helpers.js?v=20260625j:203
[ 1297216ms] [LOG] [PDF] Token recibido: ff2400d74c17268fe72e1e227483499a @ http://localhost/AlquiGest_v2/assets/js/helpers.js?v=20260625j:208
