[2026-06-25 08:38:02] --- Nueva petición ---
[2026-06-25 08:38:02] Method: POST
[2026-06-25 08:38:02] POST keys: data, nombre
[2026-06-25 08:38:02] data length: 311716
[2026-06-25 08:38:02] nombre: REC-202602-00001.pdf
[2026-06-25 08:38:02] Content-Type recibido: multipart/form-data; boundary=----WebKitFormBoundaryCbvOuf0lBAD9lJQC
[2026-06-25 08:38:02] OK: bytes descodificados=233787 nombre=REC-202602-00001.pdf
[2026-06-25 08:38:02] OK: respuesta enviada
[2026-06-25 08:39:23] POST data_len=311716 nombre=REC-202602-00001.pdf
[2026-06-25 08:39:23] POST OK: token=4933a31fcaf6a48808ea82fd444336f1 nombre=REC-202602-00001.pdf bytes=233787
[2026-06-25 08:39:23] GET token=4933a31fcaf6a48808ea82fd444336f1
[2026-06-25 08:39:23] GET OK: enviando REC-202602-00001.pdf (233787 bytes)
[2026-06-25 08:41:24] POST data_len=258820 nombre=REC-202607-00035.pdf
[2026-06-25 08:41:24] POST OK: token=e4b5efad19290dc271553919760d5648 nombre=REC-202607-00035.pdf bytes=194114
[2026-06-25 08:41:24] GET token=e4b5efad19290dc271553919760d5648
[2026-06-25 08:41:24] GET OK: enviando REC-202607-00035.pdf (194114 bytes)
[2026-06-25 09:00:12] POST data_len=258520 nombre=REC-202607-00037.pdf
[2026-06-25 09:00:12] POST OK: token=d0d8af79dad78a1cc876cde878c4648c nombre=REC-202607-00037.pdf bytes=193888
[2026-06-25 09:00:12] GET token=d0d8af79dad78a1cc876cde878c4648c
[2026-06-25 09:00:12] GET OK: enviando REC-202607-00037.pdf (193888 bytes)
[2026-06-25 09:00:46] POST data_len=258520 nombre=REC-202607-00037.pdf
[2026-06-25 09:00:46] POST OK: token=7c4b03e06f0ce18c4a7e1958a8e580c2 nombre=REC-202607-00037.pdf bytes=193888
[2026-06-25 09:00:46] GET token=7c4b03e06f0ce18c4a7e1958a8e580c2
[2026-06-25 09:00:46] GET OK: enviando REC-202607-00037.pdf (193888 bytes)
[2026-06-25 09:00:57] POST data_len=1549376 nombre=recibos-Julio-2026.pdf
[2026-06-25 09:00:57] POST OK: token=ff2400d74c17268fe72e1e227483499a nombre=recibos-Julio-2026.pdf bytes=1162032
[2026-06-25 09:00:57] GET token=ff2400d74c17268fe72e1e227483499a
[2026-06-25 09:00:57] GET OK: enviando recibos-Julio-2026.pdf (1162032 bytes)
[2026-06-25 09:06:09] POST data_len=311716 nombre=REC-202602-00001.pdf
[2026-06-25 09:06:09] POST OK: token=455aac7e5fc2b0db79a633edc2e28e3d nombre=REC-202602-00001.pdf bytes=233787
[2026-06-25 09:06:09] GET token=455aac7e5fc2b0db79a633edc2e28e3d
[2026-06-25 09:06:09] GET OK: enviando REC-202602-00001.pdf (233787 bytes)
[2026-06-25 09:07:49] POST data_len=258520 nombre=REC-202607-00037.pdf
[2026-06-25 09:07:49] POST OK: token=4671dec9dacb8853291bd6b1cafac82f nombre=REC-202607-00037.pdf bytes=193888
[2026-06-25 09:07:49] GET token=4671dec9dacb8853291bd6b1cafac82f
[2026-06-25 09:07:49] GET OK: enviando REC-202607-00037.pdf (193888 bytes)
[2026-06-25 09:08:06] POST data_len=258520 nombre=REC-202607-00037.pdf
[2026-06-25 09:08:06] POST OK: token=6414f196066a21665cb824ceead06272 nombre=REC-202607-00037.pdf bytes=193888
[2026-06-25 09:08:06] GET token=6414f196066a21665cb824ceead06272
[2026-06-25 09:08:06] GET OK: enviando REC-202607-00037.pdf (193888 bytes)
[2026-06-25 09:12:02] POST data_len=61664 nombre=morosidad_2026-06-25.pdf
[2026-06-25 09:12:02] POST OK: token=5449b067a9304bd1da3cc64d05393124 nombre=morosidad_2026-06-25.pdf bytes=46247
[2026-06-25 09:12:02] GET token=5449b067a9304bd1da3cc64d05393124
[2026-06-25 09:12:02] GET OK: enviando morosidad_2026-06-25.pdf (46247 bytes)
[2026-06-25 09:18:53] POST data_len=174688 nombre=morosidad_2026-06-25.pdf
[2026-06-25 09:18:53] POST OK: token=a50dd017e88be979404b8a7e39a31c3b nombre=morosidad_2026-06-25.pdf bytes=131014
[2026-06-25 09:18:53] GET token=a50dd017e88be979404b8a7e39a31c3b
[2026-06-25 09:18:53] GET OK: enviando morosidad_2026-06-25.pdf (131014 bytes)
[2026-06-25 09:19:09] POST data_len=75436 nombre=morosidad_2026-06-25.pdf
[2026-06-25 09:19:09] POST OK: token=fe76d03a888343a65e399731741aafe2 nombre=morosidad_2026-06-25.pdf bytes=56576
[2026-06-25 09:19:09] GET token=fe76d03a888343a65e399731741aafe2
[2026-06-25 09:19:09] GET OK: enviando morosidad_2026-06-25.pdf (56576 bytes)
[2026-06-25 09:19:40] POST data_len=75436 nombre=morosidad_2026-06-25.pdf
[2026-06-25 09:19:40] POST OK: token=16e8c286c7adc0fbdf411e6dcd0bf2ac nombre=morosidad_2026-06-25.pdf bytes=56576
[2026-06-25 09:19:40] GET token=16e8c286c7adc0fbdf411e6dcd0bf2ac
[2026-06-25 09:19:40] GET OK: enviando morosidad_2026-06-25.pdf (56576 bytes)
[2026-06-25 09:19:58] POST data_len=174688 nombre=morosidad_2026-06-25.pdf
[2026-06-25 09:19:58] POST OK: token=10f464b3464fcb2a69915454c28adbe2 nombre=morosidad_2026-06-25.pdf bytes=131014
[2026-06-25 09:19:58] GET token=10f464b3464fcb2a69915454c28adbe2
[2026-06-25 09:19:58] GET OK: enviando morosidad_2026-06-25.pdf (131014 bytes)
[2026-06-25 09:20:22] POST data_len=75208 nombre=morosidad_2026-06-25.pdf
[2026-06-25 09:20:22] POST OK: token=5f74c1da4dc7cd1295fc53909535eda1 nombre=morosidad_2026-06-25.pdf bytes=56406
[2026-06-25 09:20:22] GET token=5f74c1da4dc7cd1295fc53909535eda1
[2026-06-25 09:20:22] GET OK: enviando morosidad_2026-06-25.pdf (56406 bytes)
[2026-06-25 15:56:37] POST data_len=445892 nombre=RECT-202606-00004.pdf
[2026-06-25 15:56:37] POST OK: token=e5d9b62ad9d84b97a1422607b9c2d627 nombre=RECT-202606-00004.pdf bytes=334417
[2026-06-25 15:56:37] GET token=e5d9b62ad9d84b97a1422607b9c2d627
[2026-06-25 15:56:37] GET OK: enviando RECT-202606-00004.pdf (334417 bytes)
[2026-06-25 17:12:35] POST data_len=215808 nombre=REC-202606-00025.pdf
[2026-06-25 17:12:35] POST OK: token=90080150b7dc6a494f1c337ae260eb05 nombre=REC-202606-00025.pdf bytes=161855
[2026-06-25 17:12:35] GET token=90080150b7dc6a494f1c337ae260eb05
[2026-06-25 17:12:35] GET OK: enviando REC-202606-00025.pdf (161855 bytes)
[2026-06-29 07:25:49] POST data_len=177164 nombre=morosidad_2026-06-29.pdf
[2026-06-29 07:25:49] POST OK: token=01b586039f360e23fc8933d8f9e3b9a7 nombre=morosidad_2026-06-29.pdf bytes=132872
[2026-06-29 07:25:49] GET token=01b586039f360e23fc8933d8f9e3b9a7
[2026-06-29 07:25:49] GET OK: enviando morosidad_2026-06-29.pdf (132872 bytes)
